make.exe all --print-data-base --no-builtin-variables --no-builtin-rules --question
make: *** No rule to make target 'all'.  Stop.

# GNU Make 4.3
# Built for x86_64-pc-cygwin
# Copyright (C) 1988-2020 Free Software Foundation, Inc.
# License GPLv3+: GNU GPL version 3 or later <http://gnu.org/licenses/gpl.html>
# This is free software: you are free to change and redistribute it.
# There is NO WARRANTY, to the extent permitted by law.

# Make data base, printed on Mon Jun 20 00:11:20 2022

# Variables

# environment
FPS_BROWSER_APP_PROFILE_STRING = Internet Explorer
# environment
SYSTEMDRIVE = C:
# environment
LC_ALL = C
# environment
USERPROFILE = C:\Users\Lisia
# environment
LOCALAPPDATA = C:\Users\Lisia\AppData\Local
# environment
VSCODE_IPC_HOOK_EXTHOST = \\.\pipe\vscode-ipc-3980ee9f-6605-410c-b8ba-0a38e2e140fc-sock
# environment
VSCODE_CWD = C:\Users\Lisia\AppData\Local\Programs\Microsoft VS Code
# environment
CARBON_MEM_DISABLE = 1
# environment
CHOCOLATEYINSTALL = C:\ProgramData\chocolatey
# environment
SYSTEMROOT = C:\WINDOWS
# environment
PROCESSOR_LEVEL = 6
# environment
PSMODULEPATH = C:\Program Files\WindowsPowerShell\Modules;C:\WINDOWS\system32\WindowsPowerShell\v1.0\Modules
# default
MAKE_COMMAND := make
# automatic
@D = $(patsubst %/,%,$(dir $@))
# environment
CHROME_CRASHPAD_PIPE_NAME = \\.\pipe\crashpad_7612_SANVPXMKEBQTIQTG
# environment
FPS_BROWSER_USER_PROFILE_STRING = Default
# environment
VSCODE_HANDLES_UNCAUGHT_ERRORS = true
# default
.VARIABLES := 
# automatic
%D = $(patsubst %/,%,$(dir $%))
# automatic
^D = $(patsubst %/,%,$(dir $^))
# environment
VSCODE_LOG_STACK = false
# automatic
%F = $(notdir $%)
# environment
VSCODE_CODE_CACHE_PATH = C:\Users\Lisia\AppData\Roaming\Code\CachedData\30d9c6cd9483b2cc586687151bcbcd635f373630
# environment
LANG = C
# default
.LOADED := 
# environment
TMP = /cygdrive/c/Users/Lisia/AppData/Local/Temp
# default
.INCLUDE_DIRS = /usr/include /usr/include
# makefile
MAKEFLAGS = pqrR
# environment
ONEDRIVE = C:\Users\Lisia\OneDrive
# environment
POWERSHELL_DISTRIBUTION_CHANNEL = MSI:Windows 10 Home
# makefile
CURDIR := /cygdrive/c/Users/Lisia/Documents/github/printalg4
# environment
VSCODE_PIPE_LOGGING = true
# environment
APPLICATION_INSIGHTS_NO_DIAGNOSTIC_CHANNEL = true
# automatic
*D = $(patsubst %/,%,$(dir $*))
# environment
PROGRAMFILES = C:\Program Files
# environment
MFLAGS = -pqrR
# default
.SHELLFLAGS := -c
# environment
!C: = c:\Users\Lisia\Documents\github\printalg4
# environment
 
COMMONPROGRAMW6432 = C:\Program Files\Common Files
# automatic
+D = $(patsubst %/,%,$(dir $+))
# makefile (from 'Makefile', line 1)
MAKEFILE_LIST := Makefile
# automatic
@F = $(notdir $@)
# environment
VSCODE_VERBOSE_LOGGING = true
# environment
VSCODE_PID = 7612
# automatic
?D = $(patsubst %/,%,$(dir $?))
# automatic
*F = $(notdir $*)
# automatic
<D = $(patsubst %/,%,$(dir $<))
# environment
VSCODE_NLS_CONFIG = {"locale":"pl","availableLanguages":{"*":"pl"},"_languagePackId":"993a25eb46a7e0a4aef446c1661beda3.pl","_translationsConfigFile":"C:\\Users\\Lisia\\AppData\\Roaming\\Code\\clp\\993a25eb46a7e0a4aef446c1661beda3.pl\\tcf.json","_cacheRoot":"C:\\Users\\Lisia\\AppData\\Roaming\\Code\\clp\\993a25eb46a7e0a4aef446c1661beda3.pl","_resolvedLanguagePackCoreLocation":"C:\\Users\\Lisia\\AppData\\Roaming\\Code\\clp\\993a25eb46a7e0a4aef446c1661beda3.pl\\30d9c6cd9483b2cc586687151bcbcd635f373630","_corruptedFile":"C:\\Users\\Lisia\\AppData\\Roaming\\Code\\clp\\993a25eb46a7e0a4aef446c1661beda3.pl\\corrupted.info","_languagePackSupport":true}
# environment
ONEDRIVECONSUMER = C:\Users\Lisia\OneDrive
# default
MAKE_HOST := x86_64-pc-cygwin
# environment
PROGRAMDATA = C:\ProgramData
# default
SHELL := /bin/sh
# environment
HOMEPATH = \Users\Lisia
# default
MAKECMDGOALS := all
# environment
DRIVERDATA = C:\Windows\System32\Drivers\DriverData
# environment
COMSPEC = C:\WINDOWS\system32\cmd.exe
# environment
WINDIR = C:\WINDOWS
# environment
MAKELEVEL := 0
# default
MAKE = $(MAKE_COMMAND)
# environment
PATH = /cygdrive/c/Program Files/Microsoft/jdk-11.0.12.7-hotspot/bin:/cygdrive/c/Program Files (x86)/Common Files/Oracle/Java/javapath:/cygdrive/c/Python310/Scripts:/cygdrive/c/Python310:/cygdrive/c/Windows/system32:/cygdrive/c/Windows:/cygdrive/c/Windows/System32/Wbem:/cygdrive/c/Windows/System32/WindowsPowerShell/v1.0:/cygdrive/c/Windows/System32/OpenSSH:/cygdrive/c/Program Files (x86)/NVIDIA Corporation/PhysX/Common:/cygdrive/c/Program Files/NVIDIA Corporation/NVIDIA NvDLISR:/cygdrive/c/ProgramData/chocolatey/bin:/cygdrive/c/tools/winfetch:/cygdrive/c/WINDOWS/system32:/cygdrive/c/WINDOWS:/cygdrive/c/WINDOWS/System32/Wbem:/cygdrive/c/WINDOWS/System32/WindowsPowerShell/v1.0:/cygdrive/c/WINDOWS/System32/OpenSSH:/cygdrive/c/Program Files (x86)/Windows Kits/10/Windows Performance Toolkit:/cygdrive/c/Program Files/GitHub CLI:/cygdrive/c/Program Files/PowerShell/7:/cygdrive/c/Program Files/dotnet:/cygdrive/c/Program Files (x86)/GnuPG/bin:/cygdrive/c/Program Files (x86)/IVI Foundation/VISA/WinNT/Bin:/cygdrive/c/Program Files/IVI Foundation/VISA/Win64/Bin:/cygdrive/c/Program Files (x86)/National Instruments/Shared/LabVIEW CLI:/cygdrive/c/Program Files (x86)/IVI Foundation/VISA/WinNT/Bin:/cygdrive/c/platform-tools:/cygdrive/c/Python310/Scripts:/cygdrive/c/Users/Lisia/AppData/Roaming/Python/Python310/Scripts:/cygdrive/c/Python310:/usr/bin:/cygdrive/c/Program Files (x86)/onefetch:/cygdrive/c/Users/Lisia/AppData/Local/Microsoft/WindowsApps:/cygdrive/c/Users/Lisia/spicetify-cli:/cygdrive/c/Users/Lisia/AppData/Local/Microsoft/WindowsApps:/cygdrive/c/Program Files (x86)/Windows Kits/10/bin/10.0.22000.0/x64:/cygdrive/c/Users/Lisia/AppData/Local/Programs/MiKTeX/miktex/bin/x64:/cygdrive/c/Users/Lisia/AppData/Local/Programs/Microsoft VS Code/bin:/cygdrive/c/ghcup/bin
# environment
ZES_ENABLE_SYSMAN = 1
# environment
COMPUTERNAME = DESKTOP-0H3LRUG
# default
MAKEFILES := 
# automatic
^F = $(notdir $^)
# environment
NIEXTCCOMPILERSUPP = C:\Program Files (x86)\National Instruments\Shared\ExternalCompilerSupport\C\
# environment
PROMPT = $P$G
# environment
CHOCOLATEYLASTPATHUPDATE = 132973832323567961
# environment
VXIPNPPATH64 = C:\Program Files\IVI Foundation\VISA\
# environment
LOGONSERVER = \\DESKTOP-0H3LRUG
# environment
VSCODE_LOG_NATIVE = false
# environment
USERNAME = Lisia
# environment
COMMONPROGRAMFILES = C:\Program Files\Common Files
# automatic
?F = $(notdir $?)
# environment
PROGRAMW6432 = C:\Program Files
# environment
PATHEXT = .COM;.EXE;.BAT;.CMD;.VBS;.VBE;.JS;.JSE;.WSF;.WSH;.MSC;.PY;.PYW
# automatic
+F = $(notdir $+)
# environment
ORIGINAL_XDG_CURRENT_DESKTOP = undefined
# environment
USERDOMAIN = DESKTOP-0H3LRUG
# 'override' directive
GNUMAKEFLAGS := 
# environment
OS = Windows_NT
# makefile
.DEFAULT_GOAL := commit
# default
MAKE_VERSION := 4.3
# environment
PROGRAMFILES(X86) = C:\Program Files (x86)
# environment
USERDOMAIN_ROAMINGPROFILE = DESKTOP-0H3LRUG
# environment
NUMBER_OF_PROCESSORS = 12
# environment
PUBLIC = C:\Users\Public
# environment
APPDATA = C:\Users\Lisia\AppData\Roaming
# environment
HOMEDRIVE = C:
# environment
PROCESSOR_ARCHITECTURE = AMD64
# environment
VSCODE_AMD_ENTRYPOINT = vs/workbench/api/node/extensionHostProcess
# environment
HOME = /home/Lisia
# environment
VXIPNPPATH = C:\Program Files (x86)\IVI Foundation\VISA\
# environment
COMMONPROGRAMFILES(X86) = C:\Program Files (x86)\Common Files
# environment
ELECTRON_RUN_AS_NODE = 1
# environment
TEMP = /cygdrive/c/Users/Lisia/AppData/Local/Temp
# environment
VSCODE_IPC_HOOK = \\.\pipe\5dc5b1df83e87d797fe3f15025dfa428-1.68.1-main-sock
# environment
TERM = xterm-256color
# default
.RECIPEPREFIX := 
# automatic
<F = $(notdir $<)
# default
SUFFIXES := 
# environment
ALLUSERSPROFILE = C:\ProgramData
# environment
CABAL_DIR = C:\cabal
# environment
SESSIONNAME = Console
# default
.FEATURES := target-specific order-only second-expansion else-if shortest-stem undefine oneshell nocomment grouped-target extra-prereqs archives jobserver output-sync check-symlink guile load
# environment
PROCESSOR_REVISION = 9e0d
# environment
CHOCOLATEYTOOLSLOCATION = C:\tools
# environment
PROCESSOR_IDENTIFIER = Intel64 Family 6 Model 158 Stepping 13, GenuineIntel
# variable set hash-table stats:
# Load=107/1024=10%, Rehash=0, Collisions=13/134=10%

# Pattern-specific Variable Values

# No pattern-specific variable values.

# Directories

# . (device 62466190, inode 3659174697264136): 8 files, no impossibilities.

# 8 files, no impossibilities in 1 directories.

# Implicit Rules

# No implicit rules.

# Files

commit:
#  Implicit rule search has not been done.
#  Modification time never checked.
#  File has not been updated.
#  recipe to execute (from 'Makefile', line 2):
	git pull
	git add --all
	git commit
	git push

# Not a target:
Makefile:
#  Implicit rule search has been done.
#  Last modified 2022-06-18 19:50:36.2068814
#  File has been updated.
#  Successfully updated.

# Not a target:
.DEFAULT:
#  Implicit rule search has not been done.
#  Modification time never checked.
#  File has not been updated.

# Not a target:
all:
#  Command line target.
#  Implicit rule search has been done.
#  File does not exist.
#  File has not been updated.

# files hash-table stats:
# Load=5/1024=0%, Rehash=0, Collisions=0/15=0%
# VPATH Search Paths

# No 'vpath' search paths.

# No general ('VPATH' variable) search path.

# strcache buffers: 1 (0) / strings = 13 / storage = 98 B / avg = 7 B
# current buf: size = 8162 B / used = 98 B / count = 13 / avg = 7 B

# strcache performance: lookups = 18 / hit rate = 27%
# hash-table stats:
# Load=13/8192=0%, Rehash=0, Collisions=0/18=0%
# Finished Make data base on Mon Jun 20 00:11:20 2022

 
